<?xml version="1.0" encoding="UTF-8"?>
<testsuite xmlns:xsi="http://www.w3.org/2001/XMLSchema-instance" xsi:noNamespaceSchemaLocation="https://maven.apache.org/surefire/maven-surefire-plugin/xsd/surefire-test-report.xsd" version="3.0.2" name="com.example.demo.DemoApplicationTests" time="0.023" tests="5" errors="0" skipped="0" failures="0">
  <properties>
[...]
</properties>
  <testcase name="helloControllerMessageIsNotEmpty" classname="com.example.demo.DemoApplicationTests" time="0.003">
    <system-out><![CDATA[2026-02-15T21:42:27.552+05:30  INFO 37211 --- [           main] t.c.s.AnnotationConfigContextLoaderUtils : Could not detect default configuration classes for test class [com.example.demo.DemoApplicationTests]: DemoApplicationTests does not declare any static, non-private, non-final, nested classes annotated with @Configuration.
2026-02-15T21:42:27.556+05:30  INFO 37211 --- [           main] .b.t.c.SpringBootTestContextBootstrapper : Found @SpringBootConfiguration com.example.demo.DemoApplication for test class com.example.demo.DemoApplicationTests
]]></system-out>
  </testcase>
  <testcase name="helloControllerLoads" classname="com.example.demo.DemoApplicationTests" time="0.002"/>
  <testcase name="applicationContextContainsHelloController" classname="com.example.demo.DemoApplicationTests" time="0.002"/>
  <testcase name="contextLoads" classname="com.example.demo.DemoApplicationTests" time="0.001"/>
  <testcase name="helloControllerReturnsCorrectMessage" classname="com.example.demo.DemoApplicationTests" time="0.002"/>
</testsuite>